[debug] [2022-12-27T06:17:16.744Z] ----------------------------------------------------------------------
[debug] [2022-12-27T06:17:16.745Z] Command:       /usr/local/bin/node /usr/local/bin/firebase deploy
[debug] [2022-12-27T06:17:16.745Z] CLI Version:   9.20.0
[debug] [2022-12-27T06:17:16.745Z] Platform:      darwin
[debug] [2022-12-27T06:17:16.745Z] Node Version:  v16.13.1
[debug] [2022-12-27T06:17:16.748Z] Time:          Tue Dec 27 2022 11:47:16 GMT+0530 (India Standard Time)
[debug] [2022-12-27T06:17:16.748Z] ----------------------------------------------------------------------
[debug] 
[debug] [2022-12-27T06:17:16.773Z] > command requires scopes: ["email","openid","https://www.googleapis.com/auth/cloudplatformprojects.readonly","https://www.googleapis.com/auth/firebase","https://www.googleapis.com/auth/cloud-platform"]
[debug] [2022-12-27T06:17:16.773Z] > authorizing via signed-in user (nayak.primary@gmail.com)
[debug] [2022-12-27T06:17:16.773Z] [iam] checking project algorithmist-dev for permissions ["firebase.projects.get","firebasehosting.sites.update"]
[debug] [2022-12-27T06:17:16.774Z] > refreshing access token with scopes: ["email","https://www.googleapis.com/auth/cloud-platform","https://www.googleapis.com/auth/cloudplatformprojects.readonly","https://www.googleapis.com/auth/firebase","openid"]
[debug] [2022-12-27T06:17:16.774Z] >>> HTTP REQUEST POST https://www.googleapis.com/oauth2/v3/token  
 <request body omitted>
[debug] [2022-12-27T06:17:17.089Z] <<< HTTP RESPONSE 200 {"date":"Tue, 27 Dec 2022 06:17:17 GMT","cache-control":"no-cache, no-store, max-age=0, must-revalidate","expires":"Mon, 01 Jan 1990 00:00:00 GMT","pragma":"no-cache","content-type":"application/json; charset=utf-8","vary":"X-Origin, Referer, Origin,Accept-Encoding","server":"scaffolding on HTTPServer2","x-xss-protection":"0","x-frame-options":"SAMEORIGIN","x-content-type-options":"nosniff","alt-svc":"h3=\":443\"; ma=2592000,h3-29=\":443\"; ma=2592000,h3-Q050=\":443\"; ma=2592000,h3-Q046=\":443\"; ma=2592000,h3-Q043=\":443\"; ma=2592000,quic=\":443\"; ma=2592000; v=\"46,43\"","accept-ranges":"none","transfer-encoding":"chunked"}
[debug] [2022-12-27T06:17:17.136Z] >>> HTTP REQUEST POST https://cloudresourcemanager.googleapis.com/v1/projects/algorithmist-dev:testIamPermissions  
 {"permissions":["firebase.projects.get","firebasehosting.sites.update"]}
[debug] [2022-12-27T06:17:18.929Z] <<< HTTP RESPONSE 200 {"content-type":"application/json; charset=UTF-8","vary":"X-Origin, Referer, Origin,Accept-Encoding","date":"Tue, 27 Dec 2022 06:17:18 GMT","server":"ESF","cache-control":"private","x-xss-protection":"0","x-frame-options":"SAMEORIGIN","x-content-type-options":"nosniff","server-timing":"gfet4t7; dur=1392","alt-svc":"h3=\":443\"; ma=2592000,h3-29=\":443\"; ma=2592000,h3-Q050=\":443\"; ma=2592000,h3-Q046=\":443\"; ma=2592000,h3-Q043=\":443\"; ma=2592000,quic=\":443\"; ma=2592000; v=\"46,43\"","accept-ranges":"none","transfer-encoding":"chunked"}
[debug] [2022-12-27T06:17:18.932Z] > refreshing access token with scopes: []
[debug] [2022-12-27T06:17:18.933Z] >>> HTTP REQUEST POST https://www.googleapis.com/oauth2/v3/token  
 <request body omitted>
[debug] [2022-12-27T06:17:19.218Z] <<< HTTP RESPONSE 200 {"cache-control":"no-cache, no-store, max-age=0, must-revalidate","expires":"Mon, 01 Jan 1990 00:00:00 GMT","date":"Tue, 27 Dec 2022 06:17:19 GMT","pragma":"no-cache","content-type":"application/json; charset=utf-8","vary":"X-Origin, Referer, Origin,Accept-Encoding","server":"scaffolding on HTTPServer2","x-xss-protection":"0","x-frame-options":"SAMEORIGIN","x-content-type-options":"nosniff","alt-svc":"h3=\":443\"; ma=2592000,h3-29=\":443\"; ma=2592000,h3-Q050=\":443\"; ma=2592000,h3-Q046=\":443\"; ma=2592000,h3-Q043=\":443\"; ma=2592000,quic=\":443\"; ma=2592000; v=\"46,43\"","accept-ranges":"none","transfer-encoding":"chunked"}
[debug] [2022-12-27T06:17:19.267Z] >>> [apiv2][query] GET https://firebase.googleapis.com/v1beta1/projects/algorithmist-dev [none]
[debug] [2022-12-27T06:17:19.961Z] <<< [apiv2][status] GET https://firebase.googleapis.com/v1beta1/projects/algorithmist-dev 200
[debug] [2022-12-27T06:17:19.962Z] <<< [apiv2][body] GET https://firebase.googleapis.com/v1beta1/projects/algorithmist-dev {"projectId":"algorithmist-dev","projectNumber":"165480374325","displayName":"Algorithmist","name":"projects/algorithmist-dev","resources":{"hostingSite":"algorithmist-dev"},"state":"ACTIVE","etag":"1_fe6753f4-b0f8-4049-8788-a4f9a77bb49b"}
[info] 
[info] === Deploying to 'algorithmist-dev'...
[info] 
[info] i  deploying hosting 
[debug] [2022-12-27T06:17:19.966Z] > refreshing access token with scopes: ["email","https://www.googleapis.com/auth/cloud-platform","https://www.googleapis.com/auth/cloudplatformprojects.readonly","https://www.googleapis.com/auth/firebase","openid"]
[debug] [2022-12-27T06:17:19.966Z] >>> HTTP REQUEST POST https://www.googleapis.com/oauth2/v3/token  
 <request body omitted>
[debug] [2022-12-27T06:17:20.217Z] <<< HTTP RESPONSE 200 {"cache-control":"no-cache, no-store, max-age=0, must-revalidate","date":"Tue, 27 Dec 2022 06:17:20 GMT","expires":"Mon, 01 Jan 1990 00:00:00 GMT","pragma":"no-cache","content-type":"application/json; charset=utf-8","vary":"X-Origin, Referer, Origin,Accept-Encoding","server":"scaffolding on HTTPServer2","x-xss-protection":"0","x-frame-options":"SAMEORIGIN","x-content-type-options":"nosniff","alt-svc":"h3=\":443\"; ma=2592000,h3-29=\":443\"; ma=2592000,h3-Q050=\":443\"; ma=2592000,h3-Q046=\":443\"; ma=2592000,h3-Q043=\":443\"; ma=2592000,quic=\":443\"; ma=2592000; v=\"46,43\"","accept-ranges":"none","transfer-encoding":"chunked"}
[debug] [2022-12-27T06:17:20.260Z] >>> HTTP REQUEST POST https://firebasehosting.googleapis.com/v1beta1/sites/algorithmist-dev/versions  
 {"config":{"rewrites":[{"glob":"**","path":"/index.html"}]},"labels":{"deployment-tool":"cli-firebase"}}
